Mariokart_IRL/Application/arsdk-kjr-NDK19-MIN_SDK_19/out/arsdk-android/gradle/libARUtils/outputs/logs/manifest-merger-debug-report.txt
-- Merging decision tree log ---
manifest
ADDED from packages/libARUtils/AndroidManifest.xml:2:1-7:12
INJECTED from packages/libARUtils/AndroidManifest.xml:2:1-7:12
	package
		INJECTED from packages/libARUtils/AndroidManifest.xml
	android:versionName
		ADDED from packages/libARUtils/AndroidManifest.xml:5:5-30
	xmlns:android
		ADDED from packages/libARUtils/AndroidManifest.xml:2:11-69
	android:versionCode
		ADDED from packages/libARUtils/AndroidManifest.xml:4:5-28
uses-sdk
INJECTED from packages/libARUtils/AndroidManifest.xml reason: use-sdk injection requested
INJECTED from packages/libARUtils/AndroidManifest.xml
INJECTED from packages/libARUtils/AndroidManifest.xml
	android:targetSdkVersion
		INJECTED from packages/libARUtils/AndroidManifest.xml
	android:minSdkVersion
		INJECTED from packages/libARUtils/AndroidManifest.xml